  [1m[36mActiveRecord::SchemaMigration Load (0.2ms)[0m  [1mSELECT `schema_migrations`.* FROM `schema_migrations`[0m
  [1m[36mActiveRecord::SchemaMigration Load (0.2ms)[0m  [1mSELECT `schema_migrations`.* FROM `schema_migrations`[0m
Migrating to DeviseCreateUsers (20141031090225)
  [1m[35m (137.3ms)[0m  CREATE TABLE `users` (`id` int(11) DEFAULT NULL auto_increment PRIMARY KEY, `email` varchar(255) DEFAULT '' NOT NULL, `encrypted_password` varchar(255) DEFAULT '' NOT NULL, `reset_password_token` varchar(255), `reset_password_sent_at` datetime, `remember_created_at` datetime, `sign_in_count` int(11) DEFAULT 0 NOT NULL, `current_sign_in_at` datetime, `last_sign_in_at` datetime, `current_sign_in_ip` varchar(255), `last_sign_in_ip` varchar(255), `created_at` datetime, `updated_at` datetime) ENGINE=InnoDB
  [1m[36m (125.1ms)[0m  [1mCREATE UNIQUE INDEX `index_users_on_email` ON `users` (`email`) [0m
  [1m[35m (115.7ms)[0m  CREATE UNIQUE INDEX `index_users_on_reset_password_token` ON `users` (`reset_password_token`) 
  [1m[36m (0.2ms)[0m  [1mBEGIN[0m
  [1m[35mSQL (0.3ms)[0m  INSERT INTO `schema_migrations` (`version`) VALUES ('20141031090225')
  [1m[36m (32.5ms)[0m  [1mCOMMIT[0m
  [1m[35mActiveRecord::SchemaMigration Load (0.3ms)[0m  SELECT `schema_migrations`.* FROM `schema_migrations`


Started GET "/users/sign_in" for 127.0.0.1 at 2014-10-31 14:47:54 +0530
  [1m[36mActiveRecord::SchemaMigration Load (0.1ms)[0m  [1mSELECT `schema_migrations`.* FROM `schema_migrations`[0m
Processing by Devise::SessionsController#new as HTML
  Rendered /home/kamlesh/.rvm/gems/ruby-2.1.0/gems/devise-3.2.1/app/views/devise/shared/_links.erb (1.2ms)
  Rendered /home/kamlesh/.rvm/gems/ruby-2.1.0/gems/devise-3.2.1/app/views/devise/sessions/new.html.erb within layouts/application (45.7ms)
Completed 200 OK in 582ms (Views: 539.8ms | ActiveRecord: 1.7ms)


Started GET "/assets/application.css?body=1" for 127.0.0.1 at 2014-10-31 14:47:55 +0530


Started GET "/assets/jquery.js?body=1" for 127.0.0.1 at 2014-10-31 14:47:55 +0530


Started GET "/assets/jquery_ujs.js?body=1" for 127.0.0.1 at 2014-10-31 14:47:55 +0530


Started GET "/assets/turbolinks.js?body=1" for 127.0.0.1 at 2014-10-31 14:47:55 +0530


Started GET "/assets/application.js?body=1" for 127.0.0.1 at 2014-10-31 14:47:55 +0530
